{"/Users/Akhil/Desktop/assignment-code/src/index.js": {"path":"/Users/Akhil/Desktop/assignment-code/src/index.js","statementMap":{"0":{"start":{"line":1,"column":12},"end":{"line":1,"column":30}},"1":{"start":{"line":2,"column":18},"end":{"line":2,"column":51}},"2":{"start":{"line":3,"column":15},"end":{"line":3,"column":47}},"3":{"start":{"line":4,"column":34},"end":{"line":4,"column":77}},"4":{"start":{"line":5,"column":29},"end":{"line":5,"column":67}},"5":{"start":{"line":6,"column":23},"end":{"line":6,"column":52}},"6":{"start":{"line":8,"column":0},"end":{"line":17,"column":1}},"7":{"start":{"line":9,"column":4},"end":{"line":16,"column":5}},"8":{"start":{"line":11,"column":12},"end":{"line":11,"column":69}},"9":{"start":{"line":13,"column":12},"end":{"line":13,"column":71}},"10":{"start":{"line":15,"column":12},"end":{"line":15,"column":54}},"11":{"start":{"line":20,"column":0},"end":{"line":22,"column":1}},"12":{"start":{"line":21,"column":4},"end":{"line":21,"column":54}}},"fnMap":{"0":{"name":"(anonymous_0)","decl":{"start":{"line":8,"column":26},"end":{"line":8,"column":27}},"loc":{"start":{"line":8,"column":48},"end":{"line":17,"column":1}},"line":8},"1":{"name":"(anonymous_1)","decl":{"start":{"line":20,"column":21},"end":{"line":20,"column":22}},"loc":{"start":{"line":20,"column":62},"end":{"line":22,"column":1}},"line":20}},"branchMap":{"0":{"loc":{"start":{"line":9,"column":4},"end":{"line":16,"column":5}},"type":"switch","locations":[{"start":{"line":10,"column":8},"end":{"line":11,"column":69}},{"start":{"line":12,"column":8},"end":{"line":13,"column":71}},{"start":{"line":14,"column":8},"end":{"line":15,"column":54}}],"line":9}},"s":{"0":1,"1":1,"2":1,"3":1,"4":1,"5":1,"6":1,"7":3,"8":1,"9":1,"10":1,"11":1,"12":1},"f":{"0":3,"1":1},"b":{"0":[1,1,1]},"_coverageSchema":"1a1c01bbd47fc00a2c39e90264f33305004495a9","hash":"960a14807387f6fda836b3a6187d1deb0ab975ba"}
,"/Users/Akhil/Desktop/assignment-code/src/cache/cache.js": {"path":"/Users/Akhil/Desktop/assignment-code/src/cache/cache.js","statementMap":{"0":{"start":{"line":3,"column":8},"end":{"line":3,"column":24}},"1":{"start":{"line":8,"column":25},"end":{"line":8,"column":48}},"2":{"start":{"line":9,"column":8},"end":{"line":9,"column":46}},"3":{"start":{"line":14,"column":21},"end":{"line":14,"column":36}},"4":{"start":{"line":15,"column":8},"end":{"line":17,"column":9}},"5":{"start":{"line":16,"column":12},"end":{"line":16,"column":24}},"6":{"start":{"line":18,"column":8},"end":{"line":21,"column":9}},"7":{"start":{"line":19,"column":12},"end":{"line":19,"column":35}},"8":{"start":{"line":20,"column":12},"end":{"line":20,"column":24}},"9":{"start":{"line":22,"column":8},"end":{"line":22,"column":26}},"10":{"start":{"line":26,"column":0},"end":{"line":26,"column":29}}},"fnMap":{"0":{"name":"(anonymous_0)","decl":{"start":{"line":2,"column":4},"end":{"line":2,"column":5}},"loc":{"start":{"line":2,"column":18},"end":{"line":4,"column":5}},"line":2},"1":{"name":"(anonymous_1)","decl":{"start":{"line":7,"column":4},"end":{"line":7,"column":5}},"loc":{"start":{"line":7,"column":25},"end":{"line":10,"column":5}},"line":7},"2":{"name":"(anonymous_2)","decl":{"start":{"line":13,"column":4},"end":{"line":13,"column":5}},"loc":{"start":{"line":13,"column":13},"end":{"line":23,"column":5}},"line":13}},"branchMap":{"0":{"loc":{"start":{"line":15,"column":8},"end":{"line":17,"column":9}},"type":"if","locations":[{"start":{"line":15,"column":8},"end":{"line":17,"column":9}},{"start":{},"end":{}}],"line":15},"1":{"loc":{"start":{"line":18,"column":8},"end":{"line":21,"column":9}},"type":"if","locations":[{"start":{"line":18,"column":8},"end":{"line":21,"column":9}},{"start":{},"end":{}}],"line":18}},"s":{"0":5,"1":4,"2":4,"3":5,"4":5,"5":1,"6":4,"7":2,"8":2,"9":2,"10":5},"f":{"0":5,"1":4,"2":5},"b":{"0":[1,4],"1":[2,2]},"_coverageSchema":"1a1c01bbd47fc00a2c39e90264f33305004495a9","hash":"3a616dfcb1a26a2182904013247ad12fa98fb57a"}
,"/Users/Akhil/Desktop/assignment-code/src/services/getAnimalByTrait.js": {"path":"/Users/Akhil/Desktop/assignment-code/src/services/getAnimalByTrait.js","statementMap":{"0":{"start":{"line":1,"column":12},"end":{"line":1,"column":30}},"1":{"start":{"line":2,"column":14},"end":{"line":2,"column":39}},"2":{"start":{"line":5,"column":18},"end":{"line":5,"column":22}},"3":{"start":{"line":9,"column":20},"end":{"line":9,"column":53}},"4":{"start":{"line":10,"column":2},"end":{"line":50,"column":3}},"5":{"start":{"line":12,"column":18},"end":{"line":12,"column":57}},"6":{"start":{"line":13,"column":22},"end":{"line":13,"column":59}},"7":{"start":{"line":14,"column":21},"end":{"line":14,"column":58}},"8":{"start":{"line":17,"column":23},"end":{"line":17,"column":42}},"9":{"start":{"line":18,"column":4},"end":{"line":18,"column":40}},"10":{"start":{"line":21,"column":4},"end":{"line":24,"column":5}},"11":{"start":{"line":22,"column":6},"end":{"line":22,"column":32}},"12":{"start":{"line":23,"column":6},"end":{"line":23,"column":24}},"13":{"start":{"line":25,"column":4},"end":{"line":25,"column":33}},"14":{"start":{"line":26,"column":19},"end":{"line":37,"column":5}},"15":{"start":{"line":40,"column":17},"end":{"line":40,"column":55}},"16":{"start":{"line":41,"column":4},"end":{"line":41,"column":44}},"17":{"start":{"line":44,"column":4},"end":{"line":44,"column":47}},"18":{"start":{"line":46,"column":4},"end":{"line":46,"column":22}},"19":{"start":{"line":48,"column":4},"end":{"line":48,"column":21}},"20":{"start":{"line":49,"column":4},"end":{"line":49,"column":57}},"21":{"start":{"line":53,"column":0},"end":{"line":55,"column":2}}},"fnMap":{"0":{"name":"getAnimalByTrait","decl":{"start":{"line":8,"column":15},"end":{"line":8,"column":31}},"loc":{"start":{"line":8,"column":50},"end":{"line":51,"column":1}},"line":8}},"branchMap":{"0":{"loc":{"start":{"line":21,"column":4},"end":{"line":24,"column":5}},"type":"if","locations":[{"start":{"line":21,"column":4},"end":{"line":24,"column":5}},{"start":{},"end":{}}],"line":21}},"s":{"0":2,"1":2,"2":2,"3":3,"4":3,"5":3,"6":3,"7":3,"8":3,"9":3,"10":3,"11":1,"12":1,"13":2,"14":2,"15":2,"16":1,"17":1,"18":1,"19":1,"20":1,"21":2},"f":{"0":3},"b":{"0":[1,2]},"_coverageSchema":"1a1c01bbd47fc00a2c39e90264f33305004495a9","hash":"29bf440d6db484b58a4afe8449b0cd6bcfc19e1e"}
,"/Users/Akhil/Desktop/assignment-code/src/services/getAnimalClassSummary.js": {"path":"/Users/Akhil/Desktop/assignment-code/src/services/getAnimalClassSummary.js","statementMap":{"0":{"start":{"line":1,"column":12},"end":{"line":1,"column":30}},"1":{"start":{"line":2,"column":14},"end":{"line":2,"column":39}},"2":{"start":{"line":5,"column":18},"end":{"line":5,"column":22}},"3":{"start":{"line":9,"column":20},"end":{"line":9,"column":53}},"4":{"start":{"line":10,"column":2},"end":{"line":49,"column":3}},"5":{"start":{"line":12,"column":21},"end":{"line":12,"column":41}},"6":{"start":{"line":13,"column":23},"end":{"line":13,"column":42}},"7":{"start":{"line":15,"column":4},"end":{"line":18,"column":5}},"8":{"start":{"line":16,"column":6},"end":{"line":16,"column":33}},"9":{"start":{"line":17,"column":6},"end":{"line":17,"column":24}},"10":{"start":{"line":20,"column":4},"end":{"line":20,"column":33}},"11":{"start":{"line":21,"column":19},"end":{"line":24,"column":5}},"12":{"start":{"line":26,"column":17},"end":{"line":26,"column":55}},"13":{"start":{"line":27,"column":20},"end":{"line":34,"column":10}},"14":{"start":{"line":28,"column":25},"end":{"line":28,"column":40}},"15":{"start":{"line":29,"column":6},"end":{"line":31,"column":7}},"16":{"start":{"line":30,"column":8},"end":{"line":30,"column":28}},"17":{"start":{"line":32,"column":6},"end":{"line":32,"column":24}},"18":{"start":{"line":33,"column":6},"end":{"line":33,"column":17}},"19":{"start":{"line":37,"column":19},"end":{"line":41,"column":7}},"20":{"start":{"line":37,"column":68},"end":{"line":41,"column":5}},"21":{"start":{"line":44,"column":4},"end":{"line":44,"column":43}},"22":{"start":{"line":45,"column":4},"end":{"line":45,"column":18}},"23":{"start":{"line":47,"column":4},"end":{"line":47,"column":21}},"24":{"start":{"line":48,"column":4},"end":{"line":48,"column":59}},"25":{"start":{"line":52,"column":0},"end":{"line":54,"column":2}}},"fnMap":{"0":{"name":"getAnimalClassSummary","decl":{"start":{"line":8,"column":15},"end":{"line":8,"column":36}},"loc":{"start":{"line":8,"column":48},"end":{"line":50,"column":1}},"line":8},"1":{"name":"(anonymous_1)","decl":{"start":{"line":27,"column":38},"end":{"line":27,"column":39}},"loc":{"start":{"line":27,"column":53},"end":{"line":34,"column":5}},"line":27},"2":{"name":"(anonymous_2)","decl":{"start":{"line":37,"column":44},"end":{"line":37,"column":45}},"loc":{"start":{"line":37,"column":68},"end":{"line":41,"column":5}},"line":37}},"branchMap":{"0":{"loc":{"start":{"line":15,"column":4},"end":{"line":18,"column":5}},"type":"if","locations":[{"start":{"line":15,"column":4},"end":{"line":18,"column":5}},{"start":{},"end":{}}],"line":15},"1":{"loc":{"start":{"line":29,"column":6},"end":{"line":31,"column":7}},"type":"if","locations":[{"start":{"line":29,"column":6},"end":{"line":31,"column":7}},{"start":{},"end":{}}],"line":29}},"s":{"0":2,"1":2,"2":2,"3":3,"4":3,"5":3,"6":3,"7":3,"8":1,"9":1,"10":2,"11":2,"12":2,"13":1,"14":3,"15":3,"16":2,"17":3,"18":3,"19":1,"20":2,"21":1,"22":1,"23":1,"24":1,"25":2},"f":{"0":3,"1":3,"2":2},"b":{"0":[1,2],"1":[2,1]},"_coverageSchema":"1a1c01bbd47fc00a2c39e90264f33305004495a9","hash":"b35f34e945d422794f1d3093cc86f252a7bd10d1"}
,"/Users/Akhil/Desktop/assignment-code/src/services/handler.js": {"path":"/Users/Akhil/Desktop/assignment-code/src/services/handler.js","statementMap":{"0":{"start":{"line":3,"column":12},"end":{"line":3,"column":30}},"1":{"start":{"line":4,"column":12},"end":{"line":4,"column":33}},"2":{"start":{"line":5,"column":21},"end":{"line":5,"column":38}},"3":{"start":{"line":6,"column":15},"end":{"line":6,"column":50}},"4":{"start":{"line":11,"column":23},"end":{"line":17,"column":1}},"5":{"start":{"line":12,"column":19},"end":{"line":12,"column":33}},"6":{"start":{"line":13,"column":2},"end":{"line":13,"column":28}},"7":{"start":{"line":14,"column":2},"end":{"line":14,"column":24}},"8":{"start":{"line":15,"column":2},"end":{"line":15,"column":22}},"9":{"start":{"line":16,"column":2},"end":{"line":16,"column":18}},"10":{"start":{"line":20,"column":19},"end":{"line":101,"column":1}},"11":{"start":{"line":21,"column":13},"end":{"line":21,"column":25}},"12":{"start":{"line":22,"column":28},"end":{"line":22,"column":61}},"13":{"start":{"line":23,"column":26},"end":{"line":23,"column":46}},"14":{"start":{"line":25,"column":2},"end":{"line":100,"column":3}},"15":{"start":{"line":26,"column":22},"end":{"line":29,"column":5}},"16":{"start":{"line":31,"column":4},"end":{"line":99,"column":5}},"17":{"start":{"line":32,"column":19},"end":{"line":32,"column":58}},"18":{"start":{"line":33,"column":22},"end":{"line":33,"column":24}},"19":{"start":{"line":36,"column":21},"end":{"line":36,"column":46}},"20":{"start":{"line":39,"column":6},"end":{"line":44,"column":9}},"21":{"start":{"line":40,"column":8},"end":{"line":43,"column":31}},"22":{"start":{"line":41,"column":32},"end":{"line":41,"column":50}},"23":{"start":{"line":46,"column":6},"end":{"line":93,"column":7}},"24":{"start":{"line":48,"column":8},"end":{"line":79,"column":9}},"25":{"start":{"line":50,"column":12},"end":{"line":50,"column":39}},"26":{"start":{"line":51,"column":12},"end":{"line":51,"column":36}},"27":{"start":{"line":52,"column":12},"end":{"line":52,"column":18}},"28":{"start":{"line":54,"column":12},"end":{"line":54,"column":37}},"29":{"start":{"line":55,"column":12},"end":{"line":55,"column":36}},"30":{"start":{"line":56,"column":12},"end":{"line":56,"column":18}},"31":{"start":{"line":58,"column":12},"end":{"line":58,"column":40}},"32":{"start":{"line":59,"column":12},"end":{"line":59,"column":36}},"33":{"start":{"line":60,"column":12},"end":{"line":60,"column":18}},"34":{"start":{"line":62,"column":12},"end":{"line":62,"column":37}},"35":{"start":{"line":63,"column":12},"end":{"line":63,"column":36}},"36":{"start":{"line":64,"column":12},"end":{"line":64,"column":18}},"37":{"start":{"line":66,"column":12},"end":{"line":66,"column":42}},"38":{"start":{"line":67,"column":12},"end":{"line":67,"column":36}},"39":{"start":{"line":68,"column":12},"end":{"line":68,"column":18}},"40":{"start":{"line":70,"column":12},"end":{"line":70,"column":36}},"41":{"start":{"line":71,"column":12},"end":{"line":71,"column":36}},"42":{"start":{"line":72,"column":12},"end":{"line":72,"column":18}},"43":{"start":{"line":74,"column":12},"end":{"line":74,"column":45}},"44":{"start":{"line":75,"column":12},"end":{"line":75,"column":36}},"45":{"start":{"line":76,"column":12},"end":{"line":76,"column":18}},"46":{"start":{"line":78,"column":12},"end":{"line":78,"column":71}},"47":{"start":{"line":81,"column":23},"end":{"line":84,"column":9}},"48":{"start":{"line":86,"column":8},"end":{"line":92,"column":9}},"49":{"start":{"line":88,"column":10},"end":{"line":88,"column":56}},"50":{"start":{"line":89,"column":10},"end":{"line":89,"column":62}},"51":{"start":{"line":91,"column":10},"end":{"line":91,"column":68}},"52":{"start":{"line":95,"column":6},"end":{"line":95,"column":32}},"53":{"start":{"line":97,"column":6},"end":{"line":97,"column":89}},"54":{"start":{"line":98,"column":6},"end":{"line":98,"column":20}},"55":{"start":{"line":103,"column":0},"end":{"line":103,"column":39}}},"fnMap":{"0":{"name":"(anonymous_0)","decl":{"start":{"line":11,"column":23},"end":{"line":11,"column":24}},"loc":{"start":{"line":11,"column":35},"end":{"line":17,"column":1}},"line":11},"1":{"name":"(anonymous_1)","decl":{"start":{"line":13,"column":19},"end":{"line":13,"column":20}},"loc":{"start":{"line":13,"column":25},"end":{"line":13,"column":27}},"line":13},"2":{"name":"(anonymous_2)","decl":{"start":{"line":20,"column":19},"end":{"line":20,"column":20}},"loc":{"start":{"line":20,"column":55},"end":{"line":101,"column":1}},"line":20},"3":{"name":"(anonymous_3)","decl":{"start":{"line":39,"column":24},"end":{"line":39,"column":25}},"loc":{"start":{"line":39,"column":45},"end":{"line":44,"column":7}},"line":39},"4":{"name":"(anonymous_4)","decl":{"start":{"line":41,"column":22},"end":{"line":41,"column":23}},"loc":{"start":{"line":41,"column":32},"end":{"line":41,"column":50}},"line":41}},"branchMap":{"0":{"loc":{"start":{"line":48,"column":8},"end":{"line":79,"column":9}},"type":"switch","locations":[{"start":{"line":49,"column":10},"end":{"line":52,"column":18}},{"start":{"line":53,"column":10},"end":{"line":56,"column":18}},{"start":{"line":57,"column":10},"end":{"line":60,"column":18}},{"start":{"line":61,"column":10},"end":{"line":64,"column":18}},{"start":{"line":65,"column":10},"end":{"line":68,"column":18}},{"start":{"line":69,"column":10},"end":{"line":72,"column":18}},{"start":{"line":73,"column":10},"end":{"line":76,"column":18}},{"start":{"line":77,"column":10},"end":{"line":78,"column":71}}],"line":48}},"s":{"0":2,"1":2,"2":2,"3":2,"4":2,"5":8,"6":8,"7":8,"8":8,"9":8,"10":2,"11":11,"12":11,"13":11,"14":11,"15":10,"16":10,"17":10,"18":8,"19":8,"20":8,"21":8,"22":64,"23":8,"24":64,"25":8,"26":8,"27":8,"28":8,"29":8,"30":8,"31":8,"32":8,"33":8,"34":8,"35":8,"36":8,"37":8,"38":8,"39":8,"40":8,"41":8,"42":8,"43":8,"44":8,"45":8,"46":8,"47":64,"48":64,"49":64,"50":64,"51":0,"52":8,"53":2,"54":2,"55":2},"f":{"0":8,"1":0,"2":11,"3":8,"4":64},"b":{"0":[8,8,8,8,8,8,8,8]},"_coverageSchema":"1a1c01bbd47fc00a2c39e90264f33305004495a9","hash":"ed08f61ff25bc48a15fde9c79c858009deecfa2b"}
}
