TN:
SF:src/index.js
FN:8,(anonymous_0)
FN:20,(anonymous_1)
FNF:2
FNH:2
FNDA:3,(anonymous_0)
FNDA:1,(anonymous_1)
DA:1,1
DA:2,1
DA:3,1
DA:4,1
DA:5,1
DA:6,1
DA:8,1
DA:9,3
DA:11,1
DA:13,1
DA:15,1
DA:20,1
DA:21,1
LF:13
LH:13
BRDA:9,0,0,1
BRDA:9,0,1,1
BRDA:9,0,2,1
BRF:3
BRH:3
end_of_record
TN:
SF:src/cache/cache.js
FN:2,(anonymous_0)
FN:7,(anonymous_1)
FN:13,(anonymous_2)
FNF:3
FNH:3
FNDA:5,(anonymous_0)
FNDA:4,(anonymous_1)
FNDA:5,(anonymous_2)
DA:3,5
DA:8,4
DA:9,4
DA:14,5
DA:15,5
DA:16,1
DA:18,4
DA:19,2
DA:20,2
DA:22,2
DA:26,5
LF:11
LH:11
BRDA:15,0,0,1
BRDA:15,0,1,4
BRDA:18,1,0,2
BRDA:18,1,1,2
BRF:4
BRH:4
end_of_record
TN:
SF:src/services/getAnimalByTrait.js
FN:8,getAnimalByTrait
FNF:1
FNH:1
FNDA:3,getAnimalByTrait
DA:1,2
DA:2,2
DA:5,2
DA:9,3
DA:10,3
DA:12,3
DA:13,3
DA:14,3
DA:17,3
DA:18,3
DA:21,3
DA:22,1
DA:23,1
DA:25,2
DA:26,2
DA:40,2
DA:41,1
DA:44,1
DA:46,1
DA:48,1
DA:49,1
DA:53,2
LF:22
LH:22
BRDA:21,0,0,1
BRDA:21,0,1,2
BRF:2
BRH:2
end_of_record
TN:
SF:src/services/getAnimalClassSummary.js
FN:8,getAnimalClassSummary
FN:27,(anonymous_1)
FN:37,(anonymous_2)
FNF:3
FNH:3
FNDA:3,getAnimalClassSummary
FNDA:3,(anonymous_1)
FNDA:2,(anonymous_2)
DA:1,2
DA:2,2
DA:5,2
DA:9,3
DA:10,3
DA:12,3
DA:13,3
DA:15,3
DA:16,1
DA:17,1
DA:20,2
DA:21,2
DA:26,2
DA:27,1
DA:28,3
DA:29,3
DA:30,2
DA:32,3
DA:33,3
DA:37,2
DA:44,1
DA:45,1
DA:47,1
DA:48,1
DA:52,2
LF:25
LH:25
BRDA:15,0,0,1
BRDA:15,0,1,2
BRDA:29,1,0,2
BRDA:29,1,1,1
BRF:4
BRH:4
end_of_record
TN:
SF:src/services/handler.js
FN:11,(anonymous_0)
FN:13,(anonymous_1)
FN:20,(anonymous_2)
FN:39,(anonymous_3)
FN:41,(anonymous_4)
FNF:5
FNH:4
FNDA:8,(anonymous_0)
FNDA:0,(anonymous_1)
FNDA:11,(anonymous_2)
FNDA:8,(anonymous_3)
FNDA:64,(anonymous_4)
DA:3,2
DA:4,2
DA:5,2
DA:6,2
DA:11,2
DA:12,8
DA:13,8
DA:14,8
DA:15,8
DA:16,8
DA:20,2
DA:21,11
DA:22,11
DA:23,11
DA:25,11
DA:26,10
DA:31,10
DA:32,10
DA:33,8
DA:36,8
DA:39,8
DA:40,8
DA:41,64
DA:46,8
DA:48,64
DA:50,8
DA:51,8
DA:52,8
DA:54,8
DA:55,8
DA:56,8
DA:58,8
DA:59,8
DA:60,8
DA:62,8
DA:63,8
DA:64,8
DA:66,8
DA:67,8
DA:68,8
DA:70,8
DA:71,8
DA:72,8
DA:74,8
DA:75,8
DA:76,8
DA:78,8
DA:81,64
DA:86,64
DA:88,64
DA:89,64
DA:91,0
DA:95,8
DA:97,2
DA:98,2
DA:103,2
LF:56
LH:55
BRDA:48,0,0,8
BRDA:48,0,1,8
BRDA:48,0,2,8
BRDA:48,0,3,8
BRDA:48,0,4,8
BRDA:48,0,5,8
BRDA:48,0,6,8
BRDA:48,0,7,8
BRF:8
BRH:8
end_of_record
